Engine: Initializing...
Input: Initializing DirectInput...
Input: Initializing keyboard...
Networking: Connect to 24.107.118.108 on port 31336 failed.
Input: Initializing DirectInput...
Input: Initializing keyboard...
Effect textured: Loaded.
Effect white: Loaded.
Effect texlight: Loaded.
BSP: Loading Data/maps/newghettobuilding.bsp
BSP newghettobuilding: Loaded 3933 vertices, 815 faces, 690 nodes, 912 planes, 692 leafs, 1552 leaf faces.
BSP newghettobuilding: Loading materials...
Material concrete: Loaded.
Material grass3: Loaded.
Material wood15: Loaded.
Material Earth-hires: Loaded.
Material baslt4_1_2k: Loaded.
Material metalblack03: Loaded.
Material caulk: Loaded.
Material Custom Texture: 7: Loaded.
Material Custom Texture: 8: Loaded.
Material Custom Texture: 9: Loaded.
BSP newghettobuilding : Lightmaps loaded.
BSP newghettobuilding Removed: 73 triangles with zero normals.
Material concrete: Deallocating...
Material grass3: Deallocating...
Material wood15: Deallocating...
Material Earth-hires: Deallocating...
Material baslt4_1_2k: Deallocating...
Material metalblack03: Deallocating...
Material caulk: Deallocating...
Material Custom Texture: 7: Deallocating...
Material Custom Texture: 8: Deallocating...
Material Custom Texture: 9: Deallocating...
