Session start.
Loading settings... 
WARNING: Settings file [Settings.cfg] not found!
WARNING: Error loading settings.
Initializing Direct3D... 
#################################
Adapter [0] information:
Name:				[NVIDIA GeForce 8800 GT ]
Driver:				[nvd3dum.dll]
Driver Version:			[2251872828921608]
Maximum Resolution:		[1280x1024]
Maximum Display Format:		[D3DFMT_X8R8G8B8]
Maximum Depth Buffer Format:	[D3DFMT_D24S8]
Maximum Texture Format:		[D3DFMT_A8R8G8B8]
Using Device Type:		[D3DDEVTYPE_HAL]
#################################
Adapter [1] information:
Name:				[NVIDIA GeForce 8800 GT ]
Driver:				[nvd3dum.dll]
Driver Version:			[2251872828921608]
Maximum Resolution:		[1280x960]
Maximum Display Format:		[D3DFMT_X8R8G8B8]
Maximum Depth Buffer Format:	[D3DFMT_D24S8]
Maximum Texture Format:		[D3DFMT_A8R8G8B8]
Using Device Type:		[D3DDEVTYPE_HAL]
#################################
Using adapter [0]
Using hardware vertex processing.
BillboardInterface: Destroying.
Effect [Data/Shaders/white.fx] WARNING: Could not open file.
EffectInterface WARNING: Error shader [white.fx] not found!  If a shader cannot be loaded, the interface will return the index of the first available shader.
Effect [Data/Shaders/new_material_4.fx] WARNING: Could not open file.
TextureInterface ERROR: Could not load [Data/Textures/cloud.jpg], filename is not a valid file.
Effect [Data/Shaders/white.fx] WARNING: Could not open file.
EffectInterface WARNING: Error shader [white.fx] not found!  If a shader cannot be loaded, the interface will return the index of the first available shader.
Effect [Data/Shaders/plane.fx] WARNING: Could not open file.
Plane WARNING: Could not load plane shader.
TextureInterface ERROR: Could not load [Data/Textures/grass.jpg], filename is not a valid file.
Effect [Data/Shaders/white.fx] WARNING: Could not open file.
EffectInterface WARNING: Error shader [white.fx] not found!  If a shader cannot be loaded, the interface will return the index of the first available shader.
Effect [Data/Shaders/skydome.fx] WARNING: Could not open file.
Skydome ERROR: Failed to load skydome.fx.
Q3BSP: Loading [Data/Maps/woot.bsp]...
Q3BSP ERROR: Filename [Data/Maps/woot.bsp] is not valid.
